Performing C SOURCE FILE Test CMAKE_HAVE_LIBC_PTHREAD failed with the following output:
Change Dir: /home/allen/cyber-ubuntu16.04-aarch64/build/CMakeFiles/CMakeTmp

Run Build Command(s):/usr/bin/make cmTC_1d2fd/fast && /usr/bin/make -f CMakeFiles/cmTC_1d2fd.dir/build.make CMakeFiles/cmTC_1d2fd.dir/build
make[1]: Entering directory '/home/allen/cyber-ubuntu16.04-aarch64/build/CMakeFiles/CMakeTmp'
Building C object CMakeFiles/cmTC_1d2fd.dir/src.c.o
/usr/bin/aarch64-linux-gnu-gcc   -DCMAKE_HAVE_LIBC_PTHREAD   -o CMakeFiles/cmTC_1d2fd.dir/src.c.o   -c /home/allen/cyber-ubuntu16.04-aarch64/build/CMakeFiles/CMakeTmp/src.c
Linking C executable cmTC_1d2fd
/home/allen/cmake-3.15.7-Linux-x86_64/bin/cmake -E cmake_link_script CMakeFiles/cmTC_1d2fd.dir/link.txt --verbose=1
/usr/bin/aarch64-linux-gnu-gcc  -DCMAKE_HAVE_LIBC_PTHREAD    CMakeFiles/cmTC_1d2fd.dir/src.c.o  -o cmTC_1d2fd 
CMakeFiles/cmTC_1d2fd.dir/src.c.o: In function `main':
src.c:(.text+0x48): undefined reference to `pthread_create'
src.c:(.text+0x50): undefined reference to `pthread_detach'
src.c:(.text+0x5c): undefined reference to `pthread_join'
src.c:(.text+0x6c): undefined reference to `pthread_atfork'
collect2: error: ld returned 1 exit status
CMakeFiles/cmTC_1d2fd.dir/build.make:86: recipe for target 'cmTC_1d2fd' failed
make[1]: *** [cmTC_1d2fd] Error 1
make[1]: Leaving directory '/home/allen/cyber-ubuntu16.04-aarch64/build/CMakeFiles/CMakeTmp'
Makefile:121: recipe for target 'cmTC_1d2fd/fast' failed
make: *** [cmTC_1d2fd/fast] Error 2


Source file was:
#include <pthread.h>

void* test_func(void* data)
{
  return data;
}

int main(void)
{
  pthread_t thread;
  pthread_create(&thread, NULL, test_func, NULL);
  pthread_detach(thread);
  pthread_join(thread, NULL);
  pthread_atfork(NULL, NULL, NULL);
  pthread_exit(NULL);

  return 0;
}

Determining if the function pthread_create exists in the pthreads failed with the following output:
Change Dir: /home/allen/cyber-ubuntu16.04-aarch64/build/CMakeFiles/CMakeTmp

Run Build Command(s):/usr/bin/make cmTC_228ed/fast && /usr/bin/make -f CMakeFiles/cmTC_228ed.dir/build.make CMakeFiles/cmTC_228ed.dir/build
make[1]: Entering directory '/home/allen/cyber-ubuntu16.04-aarch64/build/CMakeFiles/CMakeTmp'
Building C object CMakeFiles/cmTC_228ed.dir/CheckFunctionExists.c.o
/usr/bin/aarch64-linux-gnu-gcc   -DCHECK_FUNCTION_EXISTS=pthread_create   -o CMakeFiles/cmTC_228ed.dir/CheckFunctionExists.c.o   -c /home/allen/cmake-3.15.7-Linux-x86_64/share/cmake-3.15/Modules/CheckFunctionExists.c
Linking C executable cmTC_228ed
/home/allen/cmake-3.15.7-Linux-x86_64/bin/cmake -E cmake_link_script CMakeFiles/cmTC_228ed.dir/link.txt --verbose=1
/usr/bin/aarch64-linux-gnu-gcc  -DCHECK_FUNCTION_EXISTS=pthread_create    CMakeFiles/cmTC_228ed.dir/CheckFunctionExists.c.o  -o cmTC_228ed -lpthreads 
/usr/lib/gcc-cross/aarch64-linux-gnu/5/../../../../aarch64-linux-gnu/bin/ld: cannot find -lpthreads
collect2: error: ld returned 1 exit status
CMakeFiles/cmTC_228ed.dir/build.make:86: recipe for target 'cmTC_228ed' failed
make[1]: *** [cmTC_228ed] Error 1
make[1]: Leaving directory '/home/allen/cyber-ubuntu16.04-aarch64/build/CMakeFiles/CMakeTmp'
Makefile:121: recipe for target 'cmTC_228ed/fast' failed
make: *** [cmTC_228ed/fast] Error 2



