The target system is: Linux - 1 - aarch64
The host system is: Linux - 4.15.0-88-generic - x86_64
Compiling the C compiler identification source file "CMakeCCompilerId.c" succeeded.
Compiler: /usr/bin/aarch64-linux-gnu-gcc 
Build flags: 
Id flags:  

The output was:
0


Compilation of the C compiler identification source "CMakeCCompilerId.c" produced "a.out"

The C compiler identification is GNU, found in "/home/allen/cyber-ubuntu16.04-aarch64/build/CMakeFiles/3.15.7/CompilerIdC/a.out"

Compiling the CXX compiler identification source file "CMakeCXXCompilerId.cpp" succeeded.
Compiler: /usr/bin/aarch64-linux-gnu-g++ 
Build flags: 
Id flags:  

The output was:
0


Compilation of the CXX compiler identification source "CMakeCXXCompilerId.cpp" produced "a.out"

The CXX compiler identification is GNU, found in "/home/allen/cyber-ubuntu16.04-aarch64/build/CMakeFiles/3.15.7/CompilerIdCXX/a.out"

Determining if the C compiler works passed with the following output:
Change Dir: /home/allen/cyber-ubuntu16.04-aarch64/build/CMakeFiles/CMakeTmp

Run Build Command(s):/usr/bin/make cmTC_bd7ff/fast && /usr/bin/make -f CMakeFiles/cmTC_bd7ff.dir/build.make CMakeFiles/cmTC_bd7ff.dir/build
make[1]: Entering directory '/home/allen/cyber-ubuntu16.04-aarch64/build/CMakeFiles/CMakeTmp'
Building C object CMakeFiles/cmTC_bd7ff.dir/testCCompiler.c.o
/usr/bin/aarch64-linux-gnu-gcc    -o CMakeFiles/cmTC_bd7ff.dir/testCCompiler.c.o   -c /home/allen/cyber-ubuntu16.04-aarch64/build/CMakeFiles/CMakeTmp/testCCompiler.c
Linking C executable cmTC_bd7ff
/home/allen/cmake-3.15.7-Linux-x86_64/bin/cmake -E cmake_link_script CMakeFiles/cmTC_bd7ff.dir/link.txt --verbose=1
/usr/bin/aarch64-linux-gnu-gcc      CMakeFiles/cmTC_bd7ff.dir/testCCompiler.c.o  -o cmTC_bd7ff 
make[1]: Leaving directory '/home/allen/cyber-ubuntu16.04-aarch64/build/CMakeFiles/CMakeTmp'



Detecting C compiler ABI info compiled with the following output:
Change Dir: /home/allen/cyber-ubuntu16.04-aarch64/build/CMakeFiles/CMakeTmp

Run Build Command(s):/usr/bin/make cmTC_858e0/fast && /usr/bin/make -f CMakeFiles/cmTC_858e0.dir/build.make CMakeFiles/cmTC_858e0.dir/build
make[1]: Entering directory '/home/allen/cyber-ubuntu16.04-aarch64/build/CMakeFiles/CMakeTmp'
Building C object CMakeFiles/cmTC_858e0.dir/CMakeCCompilerABI.c.o
/usr/bin/aarch64-linux-gnu-gcc   -v -o CMakeFiles/cmTC_858e0.dir/CMakeCCompilerABI.c.o   -c /home/allen/cmake-3.15.7-Linux-x86_64/share/cmake-3.15/Modules/CMakeCCompilerABI.c
Using built-in specs.
COLLECT_GCC=/usr/bin/aarch64-linux-gnu-gcc
Target: aarch64-linux-gnu
Configured with: ../src/configure -v --with-pkgversion='Ubuntu/Linaro 5.4.0-6ubuntu1~16.04.9' --with-bugurl=file:///usr/share/doc/gcc-5/README.Bugs --enable-languages=c,ada,c++,java,go,d,fortran,objc,obj-c++ --prefix=/usr --program-suffix=-5 --enable-shared --enable-linker-build-id --libexecdir=/usr/lib --without-included-gettext --enable-threads=posix --libdir=/usr/lib --enable-nls --with-sysroot=/ --enable-clocale=gnu --enable-libstdcxx-debug --enable-libstdcxx-time=yes --with-default-libstdcxx-abi=new --enable-gnu-unique-object --disable-libquadmath --enable-plugin --with-system-zlib --disable-browser-plugin --enable-java-awt=gtk --enable-gtk-cairo --with-java-home=/usr/lib/jvm/java-1.5.0-gcj-5-arm64-cross/jre --enable-java-home --with-jvm-root-dir=/usr/lib/jvm/java-1.5.0-gcj-5-arm64-cross --with-jvm-jar-dir=/usr/lib/jvm-exports/java-1.5.0-gcj-5-arm64-cross --with-arch-directory=aarch64 --with-ecj-jar=/usr/share/java/eclipse-ecj.jar --disable-libgcj --enable-multiarch --enable-fix-cortex-a53-843419 --disable-werror --enable-checking=release --build=x86_64-linux-gnu --host=x86_64-linux-gnu --target=aarch64-linux-gnu --program-prefix=aarch64-linux-gnu- --includedir=/usr/aarch64-linux-gnu/include
Thread model: posix
gcc version 5.4.0 20160609 (Ubuntu/Linaro 5.4.0-6ubuntu1~16.04.9) 
COLLECT_GCC_OPTIONS='-v' '-o' 'CMakeFiles/cmTC_858e0.dir/CMakeCCompilerABI.c.o' '-c' '-mlittle-endian' '-mabi=lp64'
 /usr/lib/gcc-cross/aarch64-linux-gnu/5/cc1 -quiet -v -imultiarch aarch64-linux-gnu /home/allen/cmake-3.15.7-Linux-x86_64/share/cmake-3.15/Modules/CMakeCCompilerABI.c -quiet -dumpbase CMakeCCompilerABI.c -mlittle-endian -mabi=lp64 -auxbase-strip CMakeFiles/cmTC_858e0.dir/CMakeCCompilerABI.c.o -version -fstack-protector-strong -Wformat -Wformat-security -o /tmp/ccPTkE4M.s
GNU C11 (Ubuntu/Linaro 5.4.0-6ubuntu1~16.04.9) version 5.4.0 20160609 (aarch64-linux-gnu)
	compiled by GNU C version 5.4.0 20160609, GMP version 6.1.0, MPFR version 3.1.4, MPC version 1.0.3
GGC heuristics: --param ggc-min-expand=100 --param ggc-min-heapsize=131072
ignoring nonexistent directory "/usr/local/include/aarch64-linux-gnu"
ignoring nonexistent directory "/usr/include/aarch64-linux-gnu"
#include "..." search starts here:
#include <...> search starts here:
 /usr/lib/gcc-cross/aarch64-linux-gnu/5/include
 /usr/lib/gcc-cross/aarch64-linux-gnu/5/include-fixed
 /usr/lib/gcc-cross/aarch64-linux-gnu/5/../../../../aarch64-linux-gnu/include
 /usr/include
End of search list.
GNU C11 (Ubuntu/Linaro 5.4.0-6ubuntu1~16.04.9) version 5.4.0 20160609 (aarch64-linux-gnu)
	compiled by GNU C version 5.4.0 20160609, GMP version 6.1.0, MPFR version 3.1.4, MPC version 1.0.3
GGC heuristics: --param ggc-min-expand=100 --param ggc-min-heapsize=131072
Compiler executable checksum: f06111c94c20d94e05c13f9388f48380
COLLECT_GCC_OPTIONS='-v' '-o' 'CMakeFiles/cmTC_858e0.dir/CMakeCCompilerABI.c.o' '-c' '-mlittle-endian' '-mabi=lp64'
 /usr/lib/gcc-cross/aarch64-linux-gnu/5/../../../../aarch64-linux-gnu/bin/as -v -EL -mabi=lp64 -o CMakeFiles/cmTC_858e0.dir/CMakeCCompilerABI.c.o /tmp/ccPTkE4M.s
GNU assembler version 2.26.1 (aarch64-linux-gnu) using BFD version (GNU Binutils for Ubuntu) 2.26.1
COMPILER_PATH=/usr/lib/gcc-cross/aarch64-linux-gnu/5/:/usr/lib/gcc-cross/aarch64-linux-gnu/5/:/usr/lib/gcc-cross/aarch64-linux-gnu/:/usr/lib/gcc-cross/aarch64-linux-gnu/5/:/usr/lib/gcc-cross/aarch64-linux-gnu/:/usr/lib/gcc-cross/aarch64-linux-gnu/5/../../../../aarch64-linux-gnu/bin/
LIBRARY_PATH=/usr/lib/gcc-cross/aarch64-linux-gnu/5/:/usr/lib/gcc-cross/aarch64-linux-gnu/5/../../../../aarch64-linux-gnu/lib/../lib/:/lib/aarch64-linux-gnu/:/lib/../lib/:/usr/lib/aarch64-linux-gnu/:/usr/lib/../lib/:/usr/lib/gcc-cross/aarch64-linux-gnu/5/../../../../aarch64-linux-gnu/lib/:/lib/:/usr/lib/
COLLECT_GCC_OPTIONS='-v' '-o' 'CMakeFiles/cmTC_858e0.dir/CMakeCCompilerABI.c.o' '-c' '-mlittle-endian' '-mabi=lp64'
Linking C executable cmTC_858e0
/home/allen/cmake-3.15.7-Linux-x86_64/bin/cmake -E cmake_link_script CMakeFiles/cmTC_858e0.dir/link.txt --verbose=1
/usr/bin/aarch64-linux-gnu-gcc     -v CMakeFiles/cmTC_858e0.dir/CMakeCCompilerABI.c.o  -o cmTC_858e0 
Using built-in specs.
COLLECT_GCC=/usr/bin/aarch64-linux-gnu-gcc
COLLECT_LTO_WRAPPER=/usr/lib/gcc-cross/aarch64-linux-gnu/5/lto-wrapper
Target: aarch64-linux-gnu
Configured with: ../src/configure -v --with-pkgversion='Ubuntu/Linaro 5.4.0-6ubuntu1~16.04.9' --with-bugurl=file:///usr/share/doc/gcc-5/README.Bugs --enable-languages=c,ada,c++,java,go,d,fortran,objc,obj-c++ --prefix=/usr --program-suffix=-5 --enable-shared --enable-linker-build-id --libexecdir=/usr/lib --without-included-gettext --enable-threads=posix --libdir=/usr/lib --enable-nls --with-sysroot=/ --enable-clocale=gnu --enable-libstdcxx-debug --enable-libstdcxx-time=yes --with-default-libstdcxx-abi=new --enable-gnu-unique-object --disable-libquadmath --enable-plugin --with-system-zlib --disable-browser-plugin --enable-java-awt=gtk --enable-gtk-cairo --with-java-home=/usr/lib/jvm/java-1.5.0-gcj-5-arm64-cross/jre --enable-java-home --with-jvm-root-dir=/usr/lib/jvm/java-1.5.0-gcj-5-arm64-cross --with-jvm-jar-dir=/usr/lib/jvm-exports/java-1.5.0-gcj-5-arm64-cross --with-arch-directory=aarch64 --with-ecj-jar=/usr/share/java/eclipse-ecj.jar --disable-libgcj --enable-multiarch --enable-fix-cortex-a53-843419 --disable-werror --enable-checking=release --build=x86_64-linux-gnu --host=x86_64-linux-gnu --target=aarch64-linux-gnu --program-prefix=aarch64-linux-gnu- --includedir=/usr/aarch64-linux-gnu/include
Thread model: posix
gcc version 5.4.0 20160609 (Ubuntu/Linaro 5.4.0-6ubuntu1~16.04.9) 
COMPILER_PATH=/usr/lib/gcc-cross/aarch64-linux-gnu/5/:/usr/lib/gcc-cross/aarch64-linux-gnu/5/:/usr/lib/gcc-cross/aarch64-linux-gnu/:/usr/lib/gcc-cross/aarch64-linux-gnu/5/:/usr/lib/gcc-cross/aarch64-linux-gnu/:/usr/lib/gcc-cross/aarch64-linux-gnu/5/../../../../aarch64-linux-gnu/bin/
LIBRARY_PATH=/usr/lib/gcc-cross/aarch64-linux-gnu/5/:/usr/lib/gcc-cross/aarch64-linux-gnu/5/../../../../aarch64-linux-gnu/lib/../lib/:/lib/aarch64-linux-gnu/:/lib/../lib/:/usr/lib/aarch64-linux-gnu/:/usr/lib/../lib/:/usr/lib/gcc-cross/aarch64-linux-gnu/5/../../../../aarch64-linux-gnu/lib/:/lib/:/usr/lib/
COLLECT_GCC_OPTIONS='-v' '-o' 'cmTC_858e0' '-mlittle-endian' '-mabi=lp64'
 /usr/lib/gcc-cross/aarch64-linux-gnu/5/collect2 -plugin /usr/lib/gcc-cross/aarch64-linux-gnu/5/liblto_plugin.so -plugin-opt=/usr/lib/gcc-cross/aarch64-linux-gnu/5/lto-wrapper -plugin-opt=-fresolution=/tmp/ccmXKDgU.res -plugin-opt=-pass-through=-lgcc -plugin-opt=-pass-through=-lgcc_s -plugin-opt=-pass-through=-lc -plugin-opt=-pass-through=-lgcc -plugin-opt=-pass-through=-lgcc_s --sysroot=/ --build-id --eh-frame-hdr --hash-style=gnu --as-needed -dynamic-linker /lib/ld-linux-aarch64.so.1 -X -EL -maarch64linux --fix-cortex-a53-843419 -z relro -o cmTC_858e0 /usr/lib/gcc-cross/aarch64-linux-gnu/5/../../../../aarch64-linux-gnu/lib/../lib/crt1.o /usr/lib/gcc-cross/aarch64-linux-gnu/5/../../../../aarch64-linux-gnu/lib/../lib/crti.o /usr/lib/gcc-cross/aarch64-linux-gnu/5/crtbegin.o -L/usr/lib/gcc-cross/aarch64-linux-gnu/5 -L/usr/lib/gcc-cross/aarch64-linux-gnu/5/../../../../aarch64-linux-gnu/lib/../lib -L/lib/aarch64-linux-gnu -L/lib/../lib -L/usr/lib/aarch64-linux-gnu -L/usr/lib/../lib -L/usr/lib/gcc-cross/aarch64-linux-gnu/5/../../../../aarch64-linux-gnu/lib CMakeFiles/cmTC_858e0.dir/CMakeCCompilerABI.c.o -lgcc --as-needed -lgcc_s --no-as-needed -lc -lgcc --as-needed -lgcc_s --no-as-needed /usr/lib/gcc-cross/aarch64-linux-gnu/5/crtend.o /usr/lib/gcc-cross/aarch64-linux-gnu/5/../../../../aarch64-linux-gnu/lib/../lib/crtn.o
make[1]: Leaving directory '/home/allen/cyber-ubuntu16.04-aarch64/build/CMakeFiles/CMakeTmp'



Parsed C implicit include dir info from above output: rv=done
  found start of include info
  found start of implicit include info
    add: [/usr/lib/gcc-cross/aarch64-linux-gnu/5/include]
    add: [/usr/lib/gcc-cross/aarch64-linux-gnu/5/include-fixed]
    add: [/usr/lib/gcc-cross/aarch64-linux-gnu/5/../../../../aarch64-linux-gnu/include]
    add: [/usr/include]
  end of search list found
  collapse include dir [/usr/lib/gcc-cross/aarch64-linux-gnu/5/include] ==> [/usr/lib/gcc-cross/aarch64-linux-gnu/5/include]
  collapse include dir [/usr/lib/gcc-cross/aarch64-linux-gnu/5/include-fixed] ==> [/usr/lib/gcc-cross/aarch64-linux-gnu/5/include-fixed]
  collapse include dir [/usr/lib/gcc-cross/aarch64-linux-gnu/5/../../../../aarch64-linux-gnu/include] ==> [/usr/aarch64-linux-gnu/include]
  collapse include dir [/usr/include] ==> [/usr/include]
  implicit include dirs: [/usr/lib/gcc-cross/aarch64-linux-gnu/5/include;/usr/lib/gcc-cross/aarch64-linux-gnu/5/include-fixed;/usr/aarch64-linux-gnu/include;/usr/include]


Parsed C implicit link information from above output:
  link line regex: [^( *|.*[/\])(aarch64-linux-gnu-ld|CMAKE_LINK_STARTFILE-NOTFOUND|([^/\]+-)?ld|collect2)[^/\]*( |$)]
  ignore line: [Change Dir: /home/allen/cyber-ubuntu16.04-aarch64/build/CMakeFiles/CMakeTmp]
  ignore line: []
  ignore line: [Run Build Command(s):/usr/bin/make cmTC_858e0/fast && /usr/bin/make -f CMakeFiles/cmTC_858e0.dir/build.make CMakeFiles/cmTC_858e0.dir/build]
  ignore line: [make[1]: Entering directory '/home/allen/cyber-ubuntu16.04-aarch64/build/CMakeFiles/CMakeTmp']
  ignore line: [Building C object CMakeFiles/cmTC_858e0.dir/CMakeCCompilerABI.c.o]
  ignore line: [/usr/bin/aarch64-linux-gnu-gcc   -v -o CMakeFiles/cmTC_858e0.dir/CMakeCCompilerABI.c.o   -c /home/allen/cmake-3.15.7-Linux-x86_64/share/cmake-3.15/Modules/CMakeCCompilerABI.c]
  ignore line: [Using built-in specs.]
  ignore line: [COLLECT_GCC=/usr/bin/aarch64-linux-gnu-gcc]
  ignore line: [Target: aarch64-linux-gnu]
  ignore line: [Configured with: ../src/configure -v --with-pkgversion='Ubuntu/Linaro 5.4.0-6ubuntu1~16.04.9' --with-bugurl=file:///usr/share/doc/gcc-5/README.Bugs --enable-languages=c,ada,c++,java,go,d,fortran,objc,obj-c++ --prefix=/usr --program-suffix=-5 --enable-shared --enable-linker-build-id --libexecdir=/usr/lib --without-included-gettext --enable-threads=posix --libdir=/usr/lib --enable-nls --with-sysroot=/ --enable-clocale=gnu --enable-libstdcxx-debug --enable-libstdcxx-time=yes --with-default-libstdcxx-abi=new --enable-gnu-unique-object --disable-libquadmath --enable-plugin --with-system-zlib --disable-browser-plugin --enable-java-awt=gtk --enable-gtk-cairo --with-java-home=/usr/lib/jvm/java-1.5.0-gcj-5-arm64-cross/jre --enable-java-home --with-jvm-root-dir=/usr/lib/jvm/java-1.5.0-gcj-5-arm64-cross --with-jvm-jar-dir=/usr/lib/jvm-exports/java-1.5.0-gcj-5-arm64-cross --with-arch-directory=aarch64 --with-ecj-jar=/usr/share/java/eclipse-ecj.jar --disable-libgcj --enable-multiarch --enable-fix-cortex-a53-843419 --disable-werror --enable-checking=release --build=x86_64-linux-gnu --host=x86_64-linux-gnu --target=aarch64-linux-gnu --program-prefix=aarch64-linux-gnu- --includedir=/usr/aarch64-linux-gnu/include]
  ignore line: [Thread model: posix]
  ignore line: [gcc version 5.4.0 20160609 (Ubuntu/Linaro 5.4.0-6ubuntu1~16.04.9) ]
  ignore line: [COLLECT_GCC_OPTIONS='-v' '-o' 'CMakeFiles/cmTC_858e0.dir/CMakeCCompilerABI.c.o' '-c' '-mlittle-endian' '-mabi=lp64']
  ignore line: [ /usr/lib/gcc-cross/aarch64-linux-gnu/5/cc1 -quiet -v -imultiarch aarch64-linux-gnu /home/allen/cmake-3.15.7-Linux-x86_64/share/cmake-3.15/Modules/CMakeCCompilerABI.c -quiet -dumpbase CMakeCCompilerABI.c -mlittle-endian -mabi=lp64 -auxbase-strip CMakeFiles/cmTC_858e0.dir/CMakeCCompilerABI.c.o -version -fstack-protector-strong -Wformat -Wformat-security -o /tmp/ccPTkE4M.s]
  ignore line: [GNU C11 (Ubuntu/Linaro 5.4.0-6ubuntu1~16.04.9) version 5.4.0 20160609 (aarch64-linux-gnu)]
  ignore line: [	compiled by GNU C version 5.4.0 20160609, GMP version 6.1.0, MPFR version 3.1.4, MPC version 1.0.3]
  ignore line: [GGC heuristics: --param ggc-min-expand=100 --param ggc-min-heapsize=131072]
  ignore line: [ignoring nonexistent directory "/usr/local/include/aarch64-linux-gnu"]
  ignore line: [ignoring nonexistent directory "/usr/include/aarch64-linux-gnu"]
  ignore line: [#include "..." search starts here:]
  ignore line: [#include <...> search starts here:]
  ignore line: [ /usr/lib/gcc-cross/aarch64-linux-gnu/5/include]
  ignore line: [ /usr/lib/gcc-cross/aarch64-linux-gnu/5/include-fixed]
  ignore line: [ /usr/lib/gcc-cross/aarch64-linux-gnu/5/../../../../aarch64-linux-gnu/include]
  ignore line: [ /usr/include]
  ignore line: [End of search list.]
  ignore line: [GNU C11 (Ubuntu/Linaro 5.4.0-6ubuntu1~16.04.9) version 5.4.0 20160609 (aarch64-linux-gnu)]
  ignore line: [	compiled by GNU C version 5.4.0 20160609, GMP version 6.1.0, MPFR version 3.1.4, MPC version 1.0.3]
  ignore line: [GGC heuristics: --param ggc-min-expand=100 --param ggc-min-heapsize=131072]
  ignore line: [Compiler executable checksum: f06111c94c20d94e05c13f9388f48380]
  ignore line: [COLLECT_GCC_OPTIONS='-v' '-o' 'CMakeFiles/cmTC_858e0.dir/CMakeCCompilerABI.c.o' '-c' '-mlittle-endian' '-mabi=lp64']
  ignore line: [ /usr/lib/gcc-cross/aarch64-linux-gnu/5/../../../../aarch64-linux-gnu/bin/as -v -EL -mabi=lp64 -o CMakeFiles/cmTC_858e0.dir/CMakeCCompilerABI.c.o /tmp/ccPTkE4M.s]
  ignore line: [GNU assembler version 2.26.1 (aarch64-linux-gnu) using BFD version (GNU Binutils for Ubuntu) 2.26.1]
  ignore line: [COMPILER_PATH=/usr/lib/gcc-cross/aarch64-linux-gnu/5/:/usr/lib/gcc-cross/aarch64-linux-gnu/5/:/usr/lib/gcc-cross/aarch64-linux-gnu/:/usr/lib/gcc-cross/aarch64-linux-gnu/5/:/usr/lib/gcc-cross/aarch64-linux-gnu/:/usr/lib/gcc-cross/aarch64-linux-gnu/5/../../../../aarch64-linux-gnu/bin/]
  ignore line: [LIBRARY_PATH=/usr/lib/gcc-cross/aarch64-linux-gnu/5/:/usr/lib/gcc-cross/aarch64-linux-gnu/5/../../../../aarch64-linux-gnu/lib/../lib/:/lib/aarch64-linux-gnu/:/lib/../lib/:/usr/lib/aarch64-linux-gnu/:/usr/lib/../lib/:/usr/lib/gcc-cross/aarch64-linux-gnu/5/../../../../aarch64-linux-gnu/lib/:/lib/:/usr/lib/]
  ignore line: [COLLECT_GCC_OPTIONS='-v' '-o' 'CMakeFiles/cmTC_858e0.dir/CMakeCCompilerABI.c.o' '-c' '-mlittle-endian' '-mabi=lp64']
  ignore line: [Linking C executable cmTC_858e0]
  ignore line: [/home/allen/cmake-3.15.7-Linux-x86_64/bin/cmake -E cmake_link_script CMakeFiles/cmTC_858e0.dir/link.txt --verbose=1]
  ignore line: [/usr/bin/aarch64-linux-gnu-gcc     -v CMakeFiles/cmTC_858e0.dir/CMakeCCompilerABI.c.o  -o cmTC_858e0 ]
  ignore line: [Using built-in specs.]
  ignore line: [COLLECT_GCC=/usr/bin/aarch64-linux-gnu-gcc]
  ignore line: [COLLECT_LTO_WRAPPER=/usr/lib/gcc-cross/aarch64-linux-gnu/5/lto-wrapper]
  ignore line: [Target: aarch64-linux-gnu]
  ignore line: [Configured with: ../src/configure -v --with-pkgversion='Ubuntu/Linaro 5.4.0-6ubuntu1~16.04.9' --with-bugurl=file:///usr/share/doc/gcc-5/README.Bugs --enable-languages=c,ada,c++,java,go,d,fortran,objc,obj-c++ --prefix=/usr --program-suffix=-5 --enable-shared --enable-linker-build-id --libexecdir=/usr/lib --without-included-gettext --enable-threads=posix --libdir=/usr/lib --enable-nls --with-sysroot=/ --enable-clocale=gnu --enable-libstdcxx-debug --enable-libstdcxx-time=yes --with-default-libstdcxx-abi=new --enable-gnu-unique-object --disable-libquadmath --enable-plugin --with-system-zlib --disable-browser-plugin --enable-java-awt=gtk --enable-gtk-cairo --with-java-home=/usr/lib/jvm/java-1.5.0-gcj-5-arm64-cross/jre --enable-java-home --with-jvm-root-dir=/usr/lib/jvm/java-1.5.0-gcj-5-arm64-cross --with-jvm-jar-dir=/usr/lib/jvm-exports/java-1.5.0-gcj-5-arm64-cross --with-arch-directory=aarch64 --with-ecj-jar=/usr/share/java/eclipse-ecj.jar --disable-libgcj --enable-multiarch --enable-fix-cortex-a53-843419 --disable-werror --enable-checking=release --build=x86_64-linux-gnu --host=x86_64-linux-gnu --target=aarch64-linux-gnu --program-prefix=aarch64-linux-gnu- --includedir=/usr/aarch64-linux-gnu/include]
  ignore line: [Thread model: posix]
  ignore line: [gcc version 5.4.0 20160609 (Ubuntu/Linaro 5.4.0-6ubuntu1~16.04.9) ]
  ignore line: [COMPILER_PATH=/usr/lib/gcc-cross/aarch64-linux-gnu/5/:/usr/lib/gcc-cross/aarch64-linux-gnu/5/:/usr/lib/gcc-cross/aarch64-linux-gnu/:/usr/lib/gcc-cross/aarch64-linux-gnu/5/:/usr/lib/gcc-cross/aarch64-linux-gnu/:/usr/lib/gcc-cross/aarch64-linux-gnu/5/../../../../aarch64-linux-gnu/bin/]
  ignore line: [LIBRARY_PATH=/usr/lib/gcc-cross/aarch64-linux-gnu/5/:/usr/lib/gcc-cross/aarch64-linux-gnu/5/../../../../aarch64-linux-gnu/lib/../lib/:/lib/aarch64-linux-gnu/:/lib/../lib/:/usr/lib/aarch64-linux-gnu/:/usr/lib/../lib/:/usr/lib/gcc-cross/aarch64-linux-gnu/5/../../../../aarch64-linux-gnu/lib/:/lib/:/usr/lib/]
  ignore line: [COLLECT_GCC_OPTIONS='-v' '-o' 'cmTC_858e0' '-mlittle-endian' '-mabi=lp64']
  link line: [ /usr/lib/gcc-cross/aarch64-linux-gnu/5/collect2 -plugin /usr/lib/gcc-cross/aarch64-linux-gnu/5/liblto_plugin.so -plugin-opt=/usr/lib/gcc-cross/aarch64-linux-gnu/5/lto-wrapper -plugin-opt=-fresolution=/tmp/ccmXKDgU.res -plugin-opt=-pass-through=-lgcc -plugin-opt=-pass-through=-lgcc_s -plugin-opt=-pass-through=-lc -plugin-opt=-pass-through=-lgcc -plugin-opt=-pass-through=-lgcc_s --sysroot=/ --build-id --eh-frame-hdr --hash-style=gnu --as-needed -dynamic-linker /lib/ld-linux-aarch64.so.1 -X -EL -maarch64linux --fix-cortex-a53-843419 -z relro -o cmTC_858e0 /usr/lib/gcc-cross/aarch64-linux-gnu/5/../../../../aarch64-linux-gnu/lib/../lib/crt1.o /usr/lib/gcc-cross/aarch64-linux-gnu/5/../../../../aarch64-linux-gnu/lib/../lib/crti.o /usr/lib/gcc-cross/aarch64-linux-gnu/5/crtbegin.o -L/usr/lib/gcc-cross/aarch64-linux-gnu/5 -L/usr/lib/gcc-cross/aarch64-linux-gnu/5/../../../../aarch64-linux-gnu/lib/../lib -L/lib/aarch64-linux-gnu -L/lib/../lib -L/usr/lib/aarch64-linux-gnu -L/usr/lib/../lib -L/usr/lib/gcc-cross/aarch64-linux-gnu/5/../../../../aarch64-linux-gnu/lib CMakeFiles/cmTC_858e0.dir/CMakeCCompilerABI.c.o -lgcc --as-needed -lgcc_s --no-as-needed -lc -lgcc --as-needed -lgcc_s --no-as-needed /usr/lib/gcc-cross/aarch64-linux-gnu/5/crtend.o /usr/lib/gcc-cross/aarch64-linux-gnu/5/../../../../aarch64-linux-gnu/lib/../lib/crtn.o]
    arg [/usr/lib/gcc-cross/aarch64-linux-gnu/5/collect2] ==> ignore
    arg [-plugin] ==> ignore
    arg [/usr/lib/gcc-cross/aarch64-linux-gnu/5/liblto_plugin.so] ==> ignore
    arg [-plugin-opt=/usr/lib/gcc-cross/aarch64-linux-gnu/5/lto-wrapper] ==> ignore
    arg [-plugin-opt=-fresolution=/tmp/ccmXKDgU.res] ==> ignore
    arg [-plugin-opt=-pass-through=-lgcc] ==> ignore
    arg [-plugin-opt=-pass-through=-lgcc_s] ==> ignore
    arg [-plugin-opt=-pass-through=-lc] ==> ignore
    arg [-plugin-opt=-pass-through=-lgcc] ==> ignore
    arg [-plugin-opt=-pass-through=-lgcc_s] ==> ignore
    arg [--sysroot=/] ==> ignore
    arg [--build-id] ==> ignore
    arg [--eh-frame-hdr] ==> ignore
    arg [--hash-style=gnu] ==> ignore
    arg [--as-needed] ==> ignore
    arg [-dynamic-linker] ==> ignore
    arg [/lib/ld-linux-aarch64.so.1] ==> ignore
    arg [-X] ==> ignore
    arg [-EL] ==> ignore
    arg [-maarch64linux] ==> ignore
    arg [--fix-cortex-a53-843419] ==> ignore
    arg [-zrelro] ==> ignore
    arg [-o] ==> ignore
    arg [cmTC_858e0] ==> ignore
    arg [/usr/lib/gcc-cross/aarch64-linux-gnu/5/../../../../aarch64-linux-gnu/lib/../lib/crt1.o] ==> ignore
    arg [/usr/lib/gcc-cross/aarch64-linux-gnu/5/../../../../aarch64-linux-gnu/lib/../lib/crti.o] ==> ignore
    arg [/usr/lib/gcc-cross/aarch64-linux-gnu/5/crtbegin.o] ==> ignore
    arg [-L/usr/lib/gcc-cross/aarch64-linux-gnu/5] ==> dir [/usr/lib/gcc-cross/aarch64-linux-gnu/5]
    arg [-L/usr/lib/gcc-cross/aarch64-linux-gnu/5/../../../../aarch64-linux-gnu/lib/../lib] ==> dir [/usr/lib/gcc-cross/aarch64-linux-gnu/5/../../../../aarch64-linux-gnu/lib/../lib]
    arg [-L/lib/aarch64-linux-gnu] ==> dir [/lib/aarch64-linux-gnu]
    arg [-L/lib/../lib] ==> dir [/lib/../lib]
    arg [-L/usr/lib/aarch64-linux-gnu] ==> dir [/usr/lib/aarch64-linux-gnu]
    arg [-L/usr/lib/../lib] ==> dir [/usr/lib/../lib]
    arg [-L/usr/lib/gcc-cross/aarch64-linux-gnu/5/../../../../aarch64-linux-gnu/lib] ==> dir [/usr/lib/gcc-cross/aarch64-linux-gnu/5/../../../../aarch64-linux-gnu/lib]
    arg [CMakeFiles/cmTC_858e0.dir/CMakeCCompilerABI.c.o] ==> ignore
    arg [-lgcc] ==> lib [gcc]
    arg [--as-needed] ==> ignore
    arg [-lgcc_s] ==> lib [gcc_s]
    arg [--no-as-needed] ==> ignore
    arg [-lc] ==> lib [c]
    arg [-lgcc] ==> lib [gcc]
    arg [--as-needed] ==> ignore
    arg [-lgcc_s] ==> lib [gcc_s]
    arg [--no-as-needed] ==> ignore
    arg [/usr/lib/gcc-cross/aarch64-linux-gnu/5/crtend.o] ==> ignore
    arg [/usr/lib/gcc-cross/aarch64-linux-gnu/5/../../../../aarch64-linux-gnu/lib/../lib/crtn.o] ==> ignore
  collapse library dir [/usr/lib/gcc-cross/aarch64-linux-gnu/5] ==> [/usr/lib/gcc-cross/aarch64-linux-gnu/5]
  collapse library dir [/usr/lib/gcc-cross/aarch64-linux-gnu/5/../../../../aarch64-linux-gnu/lib/../lib] ==> [/usr/aarch64-linux-gnu/lib]
  collapse library dir [/lib/aarch64-linux-gnu] ==> [/lib/aarch64-linux-gnu]
  collapse library dir [/lib/../lib] ==> [/lib]
  collapse library dir [/usr/lib/aarch64-linux-gnu] ==> [/usr/lib/aarch64-linux-gnu]
  collapse library dir [/usr/lib/../lib] ==> [/usr/lib]
  collapse library dir [/usr/lib/gcc-cross/aarch64-linux-gnu/5/../../../../aarch64-linux-gnu/lib] ==> [/usr/aarch64-linux-gnu/lib]
  implicit libs: [gcc;gcc_s;c;gcc;gcc_s]
  implicit dirs: [/usr/lib/gcc-cross/aarch64-linux-gnu/5;/usr/aarch64-linux-gnu/lib;/lib/aarch64-linux-gnu;/lib;/usr/lib/aarch64-linux-gnu;/usr/lib]
  implicit fwks: []


Determining if the CXX compiler works passed with the following output:
Change Dir: /home/allen/cyber-ubuntu16.04-aarch64/build/CMakeFiles/CMakeTmp

Run Build Command(s):/usr/bin/make cmTC_5236c/fast && /usr/bin/make -f CMakeFiles/cmTC_5236c.dir/build.make CMakeFiles/cmTC_5236c.dir/build
make[1]: Entering directory '/home/allen/cyber-ubuntu16.04-aarch64/build/CMakeFiles/CMakeTmp'
Building CXX object CMakeFiles/cmTC_5236c.dir/testCXXCompiler.cxx.o
/usr/bin/aarch64-linux-gnu-g++     -o CMakeFiles/cmTC_5236c.dir/testCXXCompiler.cxx.o -c /home/allen/cyber-ubuntu16.04-aarch64/build/CMakeFiles/CMakeTmp/testCXXCompiler.cxx
Linking CXX executable cmTC_5236c
/home/allen/cmake-3.15.7-Linux-x86_64/bin/cmake -E cmake_link_script CMakeFiles/cmTC_5236c.dir/link.txt --verbose=1
/usr/bin/aarch64-linux-gnu-g++       CMakeFiles/cmTC_5236c.dir/testCXXCompiler.cxx.o  -o cmTC_5236c 
make[1]: Leaving directory '/home/allen/cyber-ubuntu16.04-aarch64/build/CMakeFiles/CMakeTmp'



Detecting CXX compiler ABI info compiled with the following output:
Change Dir: /home/allen/cyber-ubuntu16.04-aarch64/build/CMakeFiles/CMakeTmp

Run Build Command(s):/usr/bin/make cmTC_1cf24/fast && /usr/bin/make -f CMakeFiles/cmTC_1cf24.dir/build.make CMakeFiles/cmTC_1cf24.dir/build
make[1]: Entering directory '/home/allen/cyber-ubuntu16.04-aarch64/build/CMakeFiles/CMakeTmp'
Building CXX object CMakeFiles/cmTC_1cf24.dir/CMakeCXXCompilerABI.cpp.o
/usr/bin/aarch64-linux-gnu-g++    -v -o CMakeFiles/cmTC_1cf24.dir/CMakeCXXCompilerABI.cpp.o -c /home/allen/cmake-3.15.7-Linux-x86_64/share/cmake-3.15/Modules/CMakeCXXCompilerABI.cpp
Using built-in specs.
COLLECT_GCC=/usr/bin/aarch64-linux-gnu-g++
Target: aarch64-linux-gnu
Configured with: ../src/configure -v --with-pkgversion='Ubuntu/Linaro 5.4.0-6ubuntu1~16.04.9' --with-bugurl=file:///usr/share/doc/gcc-5/README.Bugs --enable-languages=c,ada,c++,java,go,d,fortran,objc,obj-c++ --prefix=/usr --program-suffix=-5 --enable-shared --enable-linker-build-id --libexecdir=/usr/lib --without-included-gettext --enable-threads=posix --libdir=/usr/lib --enable-nls --with-sysroot=/ --enable-clocale=gnu --enable-libstdcxx-debug --enable-libstdcxx-time=yes --with-default-libstdcxx-abi=new --enable-gnu-unique-object --disable-libquadmath --enable-plugin --with-system-zlib --disable-browser-plugin --enable-java-awt=gtk --enable-gtk-cairo --with-java-home=/usr/lib/jvm/java-1.5.0-gcj-5-arm64-cross/jre --enable-java-home --with-jvm-root-dir=/usr/lib/jvm/java-1.5.0-gcj-5-arm64-cross --with-jvm-jar-dir=/usr/lib/jvm-exports/java-1.5.0-gcj-5-arm64-cross --with-arch-directory=aarch64 --with-ecj-jar=/usr/share/java/eclipse-ecj.jar --disable-libgcj --enable-multiarch --enable-fix-cortex-a53-843419 --disable-werror --enable-checking=release --build=x86_64-linux-gnu --host=x86_64-linux-gnu --target=aarch64-linux-gnu --program-prefix=aarch64-linux-gnu- --includedir=/usr/aarch64-linux-gnu/include
Thread model: posix
gcc version 5.4.0 20160609 (Ubuntu/Linaro 5.4.0-6ubuntu1~16.04.9) 
COLLECT_GCC_OPTIONS='-v' '-o' 'CMakeFiles/cmTC_1cf24.dir/CMakeCXXCompilerABI.cpp.o' '-c' '-shared-libgcc' '-mlittle-endian' '-mabi=lp64'
 /usr/lib/gcc-cross/aarch64-linux-gnu/5/cc1plus -quiet -v -imultiarch aarch64-linux-gnu -D_GNU_SOURCE /home/allen/cmake-3.15.7-Linux-x86_64/share/cmake-3.15/Modules/CMakeCXXCompilerABI.cpp -quiet -dumpbase CMakeCXXCompilerABI.cpp -mlittle-endian -mabi=lp64 -auxbase-strip CMakeFiles/cmTC_1cf24.dir/CMakeCXXCompilerABI.cpp.o -version -fstack-protector-strong -Wformat -Wformat-security -o /tmp/cczOcEAj.s
GNU C++ (Ubuntu/Linaro 5.4.0-6ubuntu1~16.04.9) version 5.4.0 20160609 (aarch64-linux-gnu)
	compiled by GNU C version 5.4.0 20160609, GMP version 6.1.0, MPFR version 3.1.4, MPC version 1.0.3
GGC heuristics: --param ggc-min-expand=100 --param ggc-min-heapsize=131072
ignoring nonexistent directory "/usr/local/include/aarch64-linux-gnu"
ignoring nonexistent directory "/usr/include/aarch64-linux-gnu"
#include "..." search starts here:
#include <...> search starts here:
 /usr/lib/gcc-cross/aarch64-linux-gnu/5/../../../../aarch64-linux-gnu/include/c++/5
 /usr/lib/gcc-cross/aarch64-linux-gnu/5/../../../../aarch64-linux-gnu/include/c++/5/aarch64-linux-gnu
 /usr/lib/gcc-cross/aarch64-linux-gnu/5/../../../../aarch64-linux-gnu/include/c++/5/backward
 /usr/lib/gcc-cross/aarch64-linux-gnu/5/include
 /usr/lib/gcc-cross/aarch64-linux-gnu/5/include-fixed
 /usr/lib/gcc-cross/aarch64-linux-gnu/5/../../../../aarch64-linux-gnu/include
 /usr/include
End of search list.
GNU C++ (Ubuntu/Linaro 5.4.0-6ubuntu1~16.04.9) version 5.4.0 20160609 (aarch64-linux-gnu)
	compiled by GNU C version 5.4.0 20160609, GMP version 6.1.0, MPFR version 3.1.4, MPC version 1.0.3
GGC heuristics: --param ggc-min-expand=100 --param ggc-min-heapsize=131072
Compiler executable checksum: 6a9a52ec5d8050d9281f43712782ae81
COLLECT_GCC_OPTIONS='-v' '-o' 'CMakeFiles/cmTC_1cf24.dir/CMakeCXXCompilerABI.cpp.o' '-c' '-shared-libgcc' '-mlittle-endian' '-mabi=lp64'
 /usr/lib/gcc-cross/aarch64-linux-gnu/5/../../../../aarch64-linux-gnu/bin/as -v -EL -mabi=lp64 -o CMakeFiles/cmTC_1cf24.dir/CMakeCXXCompilerABI.cpp.o /tmp/cczOcEAj.s
GNU assembler version 2.26.1 (aarch64-linux-gnu) using BFD version (GNU Binutils for Ubuntu) 2.26.1
COMPILER_PATH=/usr/lib/gcc-cross/aarch64-linux-gnu/5/:/usr/lib/gcc-cross/aarch64-linux-gnu/5/:/usr/lib/gcc-cross/aarch64-linux-gnu/:/usr/lib/gcc-cross/aarch64-linux-gnu/5/:/usr/lib/gcc-cross/aarch64-linux-gnu/:/usr/lib/gcc-cross/aarch64-linux-gnu/5/../../../../aarch64-linux-gnu/bin/
LIBRARY_PATH=/usr/lib/gcc-cross/aarch64-linux-gnu/5/:/usr/lib/gcc-cross/aarch64-linux-gnu/5/../../../../aarch64-linux-gnu/lib/../lib/:/lib/aarch64-linux-gnu/:/lib/../lib/:/usr/lib/aarch64-linux-gnu/:/usr/lib/../lib/:/usr/lib/gcc-cross/aarch64-linux-gnu/5/../../../../aarch64-linux-gnu/lib/:/lib/:/usr/lib/
COLLECT_GCC_OPTIONS='-v' '-o' 'CMakeFiles/cmTC_1cf24.dir/CMakeCXXCompilerABI.cpp.o' '-c' '-shared-libgcc' '-mlittle-endian' '-mabi=lp64'
Linking CXX executable cmTC_1cf24
/home/allen/cmake-3.15.7-Linux-x86_64/bin/cmake -E cmake_link_script CMakeFiles/cmTC_1cf24.dir/link.txt --verbose=1
/usr/bin/aarch64-linux-gnu-g++      -v CMakeFiles/cmTC_1cf24.dir/CMakeCXXCompilerABI.cpp.o  -o cmTC_1cf24 
Using built-in specs.
COLLECT_GCC=/usr/bin/aarch64-linux-gnu-g++
COLLECT_LTO_WRAPPER=/usr/lib/gcc-cross/aarch64-linux-gnu/5/lto-wrapper
Target: aarch64-linux-gnu
Configured with: ../src/configure -v --with-pkgversion='Ubuntu/Linaro 5.4.0-6ubuntu1~16.04.9' --with-bugurl=file:///usr/share/doc/gcc-5/README.Bugs --enable-languages=c,ada,c++,java,go,d,fortran,objc,obj-c++ --prefix=/usr --program-suffix=-5 --enable-shared --enable-linker-build-id --libexecdir=/usr/lib --without-included-gettext --enable-threads=posix --libdir=/usr/lib --enable-nls --with-sysroot=/ --enable-clocale=gnu --enable-libstdcxx-debug --enable-libstdcxx-time=yes --with-default-libstdcxx-abi=new --enable-gnu-unique-object --disable-libquadmath --enable-plugin --with-system-zlib --disable-browser-plugin --enable-java-awt=gtk --enable-gtk-cairo --with-java-home=/usr/lib/jvm/java-1.5.0-gcj-5-arm64-cross/jre --enable-java-home --with-jvm-root-dir=/usr/lib/jvm/java-1.5.0-gcj-5-arm64-cross --with-jvm-jar-dir=/usr/lib/jvm-exports/java-1.5.0-gcj-5-arm64-cross --with-arch-directory=aarch64 --with-ecj-jar=/usr/share/java/eclipse-ecj.jar --disable-libgcj --enable-multiarch --enable-fix-cortex-a53-843419 --disable-werror --enable-checking=release --build=x86_64-linux-gnu --host=x86_64-linux-gnu --target=aarch64-linux-gnu --program-prefix=aarch64-linux-gnu- --includedir=/usr/aarch64-linux-gnu/include
Thread model: posix
gcc version 5.4.0 20160609 (Ubuntu/Linaro 5.4.0-6ubuntu1~16.04.9) 
COMPILER_PATH=/usr/lib/gcc-cross/aarch64-linux-gnu/5/:/usr/lib/gcc-cross/aarch64-linux-gnu/5/:/usr/lib/gcc-cross/aarch64-linux-gnu/:/usr/lib/gcc-cross/aarch64-linux-gnu/5/:/usr/lib/gcc-cross/aarch64-linux-gnu/:/usr/lib/gcc-cross/aarch64-linux-gnu/5/../../../../aarch64-linux-gnu/bin/
LIBRARY_PATH=/usr/lib/gcc-cross/aarch64-linux-gnu/5/:/usr/lib/gcc-cross/aarch64-linux-gnu/5/../../../../aarch64-linux-gnu/lib/../lib/:/lib/aarch64-linux-gnu/:/lib/../lib/:/usr/lib/aarch64-linux-gnu/:/usr/lib/../lib/:/usr/lib/gcc-cross/aarch64-linux-gnu/5/../../../../aarch64-linux-gnu/lib/:/lib/:/usr/lib/
COLLECT_GCC_OPTIONS='-v' '-o' 'cmTC_1cf24' '-shared-libgcc' '-mlittle-endian' '-mabi=lp64'
 /usr/lib/gcc-cross/aarch64-linux-gnu/5/collect2 -plugin /usr/lib/gcc-cross/aarch64-linux-gnu/5/liblto_plugin.so -plugin-opt=/usr/lib/gcc-cross/aarch64-linux-gnu/5/lto-wrapper -plugin-opt=-fresolution=/tmp/cceW92uk.res -plugin-opt=-pass-through=-lgcc_s -plugin-opt=-pass-through=-lgcc -plugin-opt=-pass-through=-lc -plugin-opt=-pass-through=-lgcc_s -plugin-opt=-pass-through=-lgcc --sysroot=/ --build-id --eh-frame-hdr --hash-style=gnu --as-needed -dynamic-linker /lib/ld-linux-aarch64.so.1 -X -EL -maarch64linux --fix-cortex-a53-843419 -z relro -o cmTC_1cf24 /usr/lib/gcc-cross/aarch64-linux-gnu/5/../../../../aarch64-linux-gnu/lib/../lib/crt1.o /usr/lib/gcc-cross/aarch64-linux-gnu/5/../../../../aarch64-linux-gnu/lib/../lib/crti.o /usr/lib/gcc-cross/aarch64-linux-gnu/5/crtbegin.o -L/usr/lib/gcc-cross/aarch64-linux-gnu/5 -L/usr/lib/gcc-cross/aarch64-linux-gnu/5/../../../../aarch64-linux-gnu/lib/../lib -L/lib/aarch64-linux-gnu -L/lib/../lib -L/usr/lib/aarch64-linux-gnu -L/usr/lib/../lib -L/usr/lib/gcc-cross/aarch64-linux-gnu/5/../../../../aarch64-linux-gnu/lib CMakeFiles/cmTC_1cf24.dir/CMakeCXXCompilerABI.cpp.o -lstdc++ -lm -lgcc_s -lgcc -lc -lgcc_s -lgcc /usr/lib/gcc-cross/aarch64-linux-gnu/5/crtend.o /usr/lib/gcc-cross/aarch64-linux-gnu/5/../../../../aarch64-linux-gnu/lib/../lib/crtn.o
make[1]: Leaving directory '/home/allen/cyber-ubuntu16.04-aarch64/build/CMakeFiles/CMakeTmp'



Parsed CXX implicit include dir info from above output: rv=done
  found start of include info
  found start of implicit include info
    add: [/usr/lib/gcc-cross/aarch64-linux-gnu/5/../../../../aarch64-linux-gnu/include/c++/5]
    add: [/usr/lib/gcc-cross/aarch64-linux-gnu/5/../../../../aarch64-linux-gnu/include/c++/5/aarch64-linux-gnu]
    add: [/usr/lib/gcc-cross/aarch64-linux-gnu/5/../../../../aarch64-linux-gnu/include/c++/5/backward]
    add: [/usr/lib/gcc-cross/aarch64-linux-gnu/5/include]
    add: [/usr/lib/gcc-cross/aarch64-linux-gnu/5/include-fixed]
    add: [/usr/lib/gcc-cross/aarch64-linux-gnu/5/../../../../aarch64-linux-gnu/include]
    add: [/usr/include]
  end of search list found
  collapse include dir [/usr/lib/gcc-cross/aarch64-linux-gnu/5/../../../../aarch64-linux-gnu/include/c++/5] ==> [/usr/aarch64-linux-gnu/include/c++/5]
  collapse include dir [/usr/lib/gcc-cross/aarch64-linux-gnu/5/../../../../aarch64-linux-gnu/include/c++/5/aarch64-linux-gnu] ==> [/usr/aarch64-linux-gnu/include/c++/5/aarch64-linux-gnu]
  collapse include dir [/usr/lib/gcc-cross/aarch64-linux-gnu/5/../../../../aarch64-linux-gnu/include/c++/5/backward] ==> [/usr/aarch64-linux-gnu/include/c++/5/backward]
  collapse include dir [/usr/lib/gcc-cross/aarch64-linux-gnu/5/include] ==> [/usr/lib/gcc-cross/aarch64-linux-gnu/5/include]
  collapse include dir [/usr/lib/gcc-cross/aarch64-linux-gnu/5/include-fixed] ==> [/usr/lib/gcc-cross/aarch64-linux-gnu/5/include-fixed]
  collapse include dir [/usr/lib/gcc-cross/aarch64-linux-gnu/5/../../../../aarch64-linux-gnu/include] ==> [/usr/aarch64-linux-gnu/include]
  collapse include dir [/usr/include] ==> [/usr/include]
  implicit include dirs: [/usr/aarch64-linux-gnu/include/c++/5;/usr/aarch64-linux-gnu/include/c++/5/aarch64-linux-gnu;/usr/aarch64-linux-gnu/include/c++/5/backward;/usr/lib/gcc-cross/aarch64-linux-gnu/5/include;/usr/lib/gcc-cross/aarch64-linux-gnu/5/include-fixed;/usr/aarch64-linux-gnu/include;/usr/include]


Parsed CXX implicit link information from above output:
  link line regex: [^( *|.*[/\])(aarch64-linux-gnu-ld|CMAKE_LINK_STARTFILE-NOTFOUND|([^/\]+-)?ld|collect2)[^/\]*( |$)]
  ignore line: [Change Dir: /home/allen/cyber-ubuntu16.04-aarch64/build/CMakeFiles/CMakeTmp]
  ignore line: []
  ignore line: [Run Build Command(s):/usr/bin/make cmTC_1cf24/fast && /usr/bin/make -f CMakeFiles/cmTC_1cf24.dir/build.make CMakeFiles/cmTC_1cf24.dir/build]
  ignore line: [make[1]: Entering directory '/home/allen/cyber-ubuntu16.04-aarch64/build/CMakeFiles/CMakeTmp']
  ignore line: [Building CXX object CMakeFiles/cmTC_1cf24.dir/CMakeCXXCompilerABI.cpp.o]
  ignore line: [/usr/bin/aarch64-linux-gnu-g++    -v -o CMakeFiles/cmTC_1cf24.dir/CMakeCXXCompilerABI.cpp.o -c /home/allen/cmake-3.15.7-Linux-x86_64/share/cmake-3.15/Modules/CMakeCXXCompilerABI.cpp]
  ignore line: [Using built-in specs.]
  ignore line: [COLLECT_GCC=/usr/bin/aarch64-linux-gnu-g++]
  ignore line: [Target: aarch64-linux-gnu]
  ignore line: [Configured with: ../src/configure -v --with-pkgversion='Ubuntu/Linaro 5.4.0-6ubuntu1~16.04.9' --with-bugurl=file:///usr/share/doc/gcc-5/README.Bugs --enable-languages=c,ada,c++,java,go,d,fortran,objc,obj-c++ --prefix=/usr --program-suffix=-5 --enable-shared --enable-linker-build-id --libexecdir=/usr/lib --without-included-gettext --enable-threads=posix --libdir=/usr/lib --enable-nls --with-sysroot=/ --enable-clocale=gnu --enable-libstdcxx-debug --enable-libstdcxx-time=yes --with-default-libstdcxx-abi=new --enable-gnu-unique-object --disable-libquadmath --enable-plugin --with-system-zlib --disable-browser-plugin --enable-java-awt=gtk --enable-gtk-cairo --with-java-home=/usr/lib/jvm/java-1.5.0-gcj-5-arm64-cross/jre --enable-java-home --with-jvm-root-dir=/usr/lib/jvm/java-1.5.0-gcj-5-arm64-cross --with-jvm-jar-dir=/usr/lib/jvm-exports/java-1.5.0-gcj-5-arm64-cross --with-arch-directory=aarch64 --with-ecj-jar=/usr/share/java/eclipse-ecj.jar --disable-libgcj --enable-multiarch --enable-fix-cortex-a53-843419 --disable-werror --enable-checking=release --build=x86_64-linux-gnu --host=x86_64-linux-gnu --target=aarch64-linux-gnu --program-prefix=aarch64-linux-gnu- --includedir=/usr/aarch64-linux-gnu/include]
  ignore line: [Thread model: posix]
  ignore line: [gcc version 5.4.0 20160609 (Ubuntu/Linaro 5.4.0-6ubuntu1~16.04.9) ]
  ignore line: [COLLECT_GCC_OPTIONS='-v' '-o' 'CMakeFiles/cmTC_1cf24.dir/CMakeCXXCompilerABI.cpp.o' '-c' '-shared-libgcc' '-mlittle-endian' '-mabi=lp64']
  ignore line: [ /usr/lib/gcc-cross/aarch64-linux-gnu/5/cc1plus -quiet -v -imultiarch aarch64-linux-gnu -D_GNU_SOURCE /home/allen/cmake-3.15.7-Linux-x86_64/share/cmake-3.15/Modules/CMakeCXXCompilerABI.cpp -quiet -dumpbase CMakeCXXCompilerABI.cpp -mlittle-endian -mabi=lp64 -auxbase-strip CMakeFiles/cmTC_1cf24.dir/CMakeCXXCompilerABI.cpp.o -version -fstack-protector-strong -Wformat -Wformat-security -o /tmp/cczOcEAj.s]
  ignore line: [GNU C++ (Ubuntu/Linaro 5.4.0-6ubuntu1~16.04.9) version 5.4.0 20160609 (aarch64-linux-gnu)]
  ignore line: [	compiled by GNU C version 5.4.0 20160609, GMP version 6.1.0, MPFR version 3.1.4, MPC version 1.0.3]
  ignore line: [GGC heuristics: --param ggc-min-expand=100 --param ggc-min-heapsize=131072]
  ignore line: [ignoring nonexistent directory "/usr/local/include/aarch64-linux-gnu"]
  ignore line: [ignoring nonexistent directory "/usr/include/aarch64-linux-gnu"]
  ignore line: [#include "..." search starts here:]
  ignore line: [#include <...> search starts here:]
  ignore line: [ /usr/lib/gcc-cross/aarch64-linux-gnu/5/../../../../aarch64-linux-gnu/include/c++/5]
  ignore line: [ /usr/lib/gcc-cross/aarch64-linux-gnu/5/../../../../aarch64-linux-gnu/include/c++/5/aarch64-linux-gnu]
  ignore line: [ /usr/lib/gcc-cross/aarch64-linux-gnu/5/../../../../aarch64-linux-gnu/include/c++/5/backward]
  ignore line: [ /usr/lib/gcc-cross/aarch64-linux-gnu/5/include]
  ignore line: [ /usr/lib/gcc-cross/aarch64-linux-gnu/5/include-fixed]
  ignore line: [ /usr/lib/gcc-cross/aarch64-linux-gnu/5/../../../../aarch64-linux-gnu/include]
  ignore line: [ /usr/include]
  ignore line: [End of search list.]
  ignore line: [GNU C++ (Ubuntu/Linaro 5.4.0-6ubuntu1~16.04.9) version 5.4.0 20160609 (aarch64-linux-gnu)]
  ignore line: [	compiled by GNU C version 5.4.0 20160609, GMP version 6.1.0, MPFR version 3.1.4, MPC version 1.0.3]
  ignore line: [GGC heuristics: --param ggc-min-expand=100 --param ggc-min-heapsize=131072]
  ignore line: [Compiler executable checksum: 6a9a52ec5d8050d9281f43712782ae81]
  ignore line: [COLLECT_GCC_OPTIONS='-v' '-o' 'CMakeFiles/cmTC_1cf24.dir/CMakeCXXCompilerABI.cpp.o' '-c' '-shared-libgcc' '-mlittle-endian' '-mabi=lp64']
  ignore line: [ /usr/lib/gcc-cross/aarch64-linux-gnu/5/../../../../aarch64-linux-gnu/bin/as -v -EL -mabi=lp64 -o CMakeFiles/cmTC_1cf24.dir/CMakeCXXCompilerABI.cpp.o /tmp/cczOcEAj.s]
  ignore line: [GNU assembler version 2.26.1 (aarch64-linux-gnu) using BFD version (GNU Binutils for Ubuntu) 2.26.1]
  ignore line: [COMPILER_PATH=/usr/lib/gcc-cross/aarch64-linux-gnu/5/:/usr/lib/gcc-cross/aarch64-linux-gnu/5/:/usr/lib/gcc-cross/aarch64-linux-gnu/:/usr/lib/gcc-cross/aarch64-linux-gnu/5/:/usr/lib/gcc-cross/aarch64-linux-gnu/:/usr/lib/gcc-cross/aarch64-linux-gnu/5/../../../../aarch64-linux-gnu/bin/]
  ignore line: [LIBRARY_PATH=/usr/lib/gcc-cross/aarch64-linux-gnu/5/:/usr/lib/gcc-cross/aarch64-linux-gnu/5/../../../../aarch64-linux-gnu/lib/../lib/:/lib/aarch64-linux-gnu/:/lib/../lib/:/usr/lib/aarch64-linux-gnu/:/usr/lib/../lib/:/usr/lib/gcc-cross/aarch64-linux-gnu/5/../../../../aarch64-linux-gnu/lib/:/lib/:/usr/lib/]
  ignore line: [COLLECT_GCC_OPTIONS='-v' '-o' 'CMakeFiles/cmTC_1cf24.dir/CMakeCXXCompilerABI.cpp.o' '-c' '-shared-libgcc' '-mlittle-endian' '-mabi=lp64']
  ignore line: [Linking CXX executable cmTC_1cf24]
  ignore line: [/home/allen/cmake-3.15.7-Linux-x86_64/bin/cmake -E cmake_link_script CMakeFiles/cmTC_1cf24.dir/link.txt --verbose=1]
  ignore line: [/usr/bin/aarch64-linux-gnu-g++      -v CMakeFiles/cmTC_1cf24.dir/CMakeCXXCompilerABI.cpp.o  -o cmTC_1cf24 ]
  ignore line: [Using built-in specs.]
  ignore line: [COLLECT_GCC=/usr/bin/aarch64-linux-gnu-g++]
  ignore line: [COLLECT_LTO_WRAPPER=/usr/lib/gcc-cross/aarch64-linux-gnu/5/lto-wrapper]
  ignore line: [Target: aarch64-linux-gnu]
  ignore line: [Configured with: ../src/configure -v --with-pkgversion='Ubuntu/Linaro 5.4.0-6ubuntu1~16.04.9' --with-bugurl=file:///usr/share/doc/gcc-5/README.Bugs --enable-languages=c,ada,c++,java,go,d,fortran,objc,obj-c++ --prefix=/usr --program-suffix=-5 --enable-shared --enable-linker-build-id --libexecdir=/usr/lib --without-included-gettext --enable-threads=posix --libdir=/usr/lib --enable-nls --with-sysroot=/ --enable-clocale=gnu --enable-libstdcxx-debug --enable-libstdcxx-time=yes --with-default-libstdcxx-abi=new --enable-gnu-unique-object --disable-libquadmath --enable-plugin --with-system-zlib --disable-browser-plugin --enable-java-awt=gtk --enable-gtk-cairo --with-java-home=/usr/lib/jvm/java-1.5.0-gcj-5-arm64-cross/jre --enable-java-home --with-jvm-root-dir=/usr/lib/jvm/java-1.5.0-gcj-5-arm64-cross --with-jvm-jar-dir=/usr/lib/jvm-exports/java-1.5.0-gcj-5-arm64-cross --with-arch-directory=aarch64 --with-ecj-jar=/usr/share/java/eclipse-ecj.jar --disable-libgcj --enable-multiarch --enable-fix-cortex-a53-843419 --disable-werror --enable-checking=release --build=x86_64-linux-gnu --host=x86_64-linux-gnu --target=aarch64-linux-gnu --program-prefix=aarch64-linux-gnu- --includedir=/usr/aarch64-linux-gnu/include]
  ignore line: [Thread model: posix]
  ignore line: [gcc version 5.4.0 20160609 (Ubuntu/Linaro 5.4.0-6ubuntu1~16.04.9) ]
  ignore line: [COMPILER_PATH=/usr/lib/gcc-cross/aarch64-linux-gnu/5/:/usr/lib/gcc-cross/aarch64-linux-gnu/5/:/usr/lib/gcc-cross/aarch64-linux-gnu/:/usr/lib/gcc-cross/aarch64-linux-gnu/5/:/usr/lib/gcc-cross/aarch64-linux-gnu/:/usr/lib/gcc-cross/aarch64-linux-gnu/5/../../../../aarch64-linux-gnu/bin/]
  ignore line: [LIBRARY_PATH=/usr/lib/gcc-cross/aarch64-linux-gnu/5/:/usr/lib/gcc-cross/aarch64-linux-gnu/5/../../../../aarch64-linux-gnu/lib/../lib/:/lib/aarch64-linux-gnu/:/lib/../lib/:/usr/lib/aarch64-linux-gnu/:/usr/lib/../lib/:/usr/lib/gcc-cross/aarch64-linux-gnu/5/../../../../aarch64-linux-gnu/lib/:/lib/:/usr/lib/]
  ignore line: [COLLECT_GCC_OPTIONS='-v' '-o' 'cmTC_1cf24' '-shared-libgcc' '-mlittle-endian' '-mabi=lp64']
  link line: [ /usr/lib/gcc-cross/aarch64-linux-gnu/5/collect2 -plugin /usr/lib/gcc-cross/aarch64-linux-gnu/5/liblto_plugin.so -plugin-opt=/usr/lib/gcc-cross/aarch64-linux-gnu/5/lto-wrapper -plugin-opt=-fresolution=/tmp/cceW92uk.res -plugin-opt=-pass-through=-lgcc_s -plugin-opt=-pass-through=-lgcc -plugin-opt=-pass-through=-lc -plugin-opt=-pass-through=-lgcc_s -plugin-opt=-pass-through=-lgcc --sysroot=/ --build-id --eh-frame-hdr --hash-style=gnu --as-needed -dynamic-linker /lib/ld-linux-aarch64.so.1 -X -EL -maarch64linux --fix-cortex-a53-843419 -z relro -o cmTC_1cf24 /usr/lib/gcc-cross/aarch64-linux-gnu/5/../../../../aarch64-linux-gnu/lib/../lib/crt1.o /usr/lib/gcc-cross/aarch64-linux-gnu/5/../../../../aarch64-linux-gnu/lib/../lib/crti.o /usr/lib/gcc-cross/aarch64-linux-gnu/5/crtbegin.o -L/usr/lib/gcc-cross/aarch64-linux-gnu/5 -L/usr/lib/gcc-cross/aarch64-linux-gnu/5/../../../../aarch64-linux-gnu/lib/../lib -L/lib/aarch64-linux-gnu -L/lib/../lib -L/usr/lib/aarch64-linux-gnu -L/usr/lib/../lib -L/usr/lib/gcc-cross/aarch64-linux-gnu/5/../../../../aarch64-linux-gnu/lib CMakeFiles/cmTC_1cf24.dir/CMakeCXXCompilerABI.cpp.o -lstdc++ -lm -lgcc_s -lgcc -lc -lgcc_s -lgcc /usr/lib/gcc-cross/aarch64-linux-gnu/5/crtend.o /usr/lib/gcc-cross/aarch64-linux-gnu/5/../../../../aarch64-linux-gnu/lib/../lib/crtn.o]
    arg [/usr/lib/gcc-cross/aarch64-linux-gnu/5/collect2] ==> ignore
    arg [-plugin] ==> ignore
    arg [/usr/lib/gcc-cross/aarch64-linux-gnu/5/liblto_plugin.so] ==> ignore
    arg [-plugin-opt=/usr/lib/gcc-cross/aarch64-linux-gnu/5/lto-wrapper] ==> ignore
    arg [-plugin-opt=-fresolution=/tmp/cceW92uk.res] ==> ignore
    arg [-plugin-opt=-pass-through=-lgcc_s] ==> ignore
    arg [-plugin-opt=-pass-through=-lgcc] ==> ignore
    arg [-plugin-opt=-pass-through=-lc] ==> ignore
    arg [-plugin-opt=-pass-through=-lgcc_s] ==> ignore
    arg [-plugin-opt=-pass-through=-lgcc] ==> ignore
    arg [--sysroot=/] ==> ignore
    arg [--build-id] ==> ignore
    arg [--eh-frame-hdr] ==> ignore
    arg [--hash-style=gnu] ==> ignore
    arg [--as-needed] ==> ignore
    arg [-dynamic-linker] ==> ignore
    arg [/lib/ld-linux-aarch64.so.1] ==> ignore
    arg [-X] ==> ignore
    arg [-EL] ==> ignore
    arg [-maarch64linux] ==> ignore
    arg [--fix-cortex-a53-843419] ==> ignore
    arg [-zrelro] ==> ignore
    arg [-o] ==> ignore
    arg [cmTC_1cf24] ==> ignore
    arg [/usr/lib/gcc-cross/aarch64-linux-gnu/5/../../../../aarch64-linux-gnu/lib/../lib/crt1.o] ==> ignore
    arg [/usr/lib/gcc-cross/aarch64-linux-gnu/5/../../../../aarch64-linux-gnu/lib/../lib/crti.o] ==> ignore
    arg [/usr/lib/gcc-cross/aarch64-linux-gnu/5/crtbegin.o] ==> ignore
    arg [-L/usr/lib/gcc-cross/aarch64-linux-gnu/5] ==> dir [/usr/lib/gcc-cross/aarch64-linux-gnu/5]
    arg [-L/usr/lib/gcc-cross/aarch64-linux-gnu/5/../../../../aarch64-linux-gnu/lib/../lib] ==> dir [/usr/lib/gcc-cross/aarch64-linux-gnu/5/../../../../aarch64-linux-gnu/lib/../lib]
    arg [-L/lib/aarch64-linux-gnu] ==> dir [/lib/aarch64-linux-gnu]
    arg [-L/lib/../lib] ==> dir [/lib/../lib]
    arg [-L/usr/lib/aarch64-linux-gnu] ==> dir [/usr/lib/aarch64-linux-gnu]
    arg [-L/usr/lib/../lib] ==> dir [/usr/lib/../lib]
    arg [-L/usr/lib/gcc-cross/aarch64-linux-gnu/5/../../../../aarch64-linux-gnu/lib] ==> dir [/usr/lib/gcc-cross/aarch64-linux-gnu/5/../../../../aarch64-linux-gnu/lib]
    arg [CMakeFiles/cmTC_1cf24.dir/CMakeCXXCompilerABI.cpp.o] ==> ignore
    arg [-lstdc++] ==> lib [stdc++]
    arg [-lm] ==> lib [m]
    arg [-lgcc_s] ==> lib [gcc_s]
    arg [-lgcc] ==> lib [gcc]
    arg [-lc] ==> lib [c]
    arg [-lgcc_s] ==> lib [gcc_s]
    arg [-lgcc] ==> lib [gcc]
    arg [/usr/lib/gcc-cross/aarch64-linux-gnu/5/crtend.o] ==> ignore
    arg [/usr/lib/gcc-cross/aarch64-linux-gnu/5/../../../../aarch64-linux-gnu/lib/../lib/crtn.o] ==> ignore
  collapse library dir [/usr/lib/gcc-cross/aarch64-linux-gnu/5] ==> [/usr/lib/gcc-cross/aarch64-linux-gnu/5]
  collapse library dir [/usr/lib/gcc-cross/aarch64-linux-gnu/5/../../../../aarch64-linux-gnu/lib/../lib] ==> [/usr/aarch64-linux-gnu/lib]
  collapse library dir [/lib/aarch64-linux-gnu] ==> [/lib/aarch64-linux-gnu]
  collapse library dir [/lib/../lib] ==> [/lib]
  collapse library dir [/usr/lib/aarch64-linux-gnu] ==> [/usr/lib/aarch64-linux-gnu]
  collapse library dir [/usr/lib/../lib] ==> [/usr/lib]
  collapse library dir [/usr/lib/gcc-cross/aarch64-linux-gnu/5/../../../../aarch64-linux-gnu/lib] ==> [/usr/aarch64-linux-gnu/lib]
  implicit libs: [stdc++;m;gcc_s;gcc;c;gcc_s;gcc]
  implicit dirs: [/usr/lib/gcc-cross/aarch64-linux-gnu/5;/usr/aarch64-linux-gnu/lib;/lib/aarch64-linux-gnu;/lib;/usr/lib/aarch64-linux-gnu;/usr/lib]
  implicit fwks: []


Checking whether the ASM compiler is GNU using "--version" matched "(GNU assembler)|(GCC)|(Free Software Foundation)":
aarch64-linux-gnu-gcc (Ubuntu/Linaro 5.4.0-6ubuntu1~16.04.9) 5.4.0 20160609
Copyright (C) 2015 Free Software Foundation, Inc.
This is free software; see the source for copying conditions.  There is NO
warranty; not even for MERCHANTABILITY or FITNESS FOR A PARTICULAR PURPOSE.

Determining if the include file pthread.h exists passed with the following output:
Change Dir: /home/allen/cyber-ubuntu16.04-aarch64/build/CMakeFiles/CMakeTmp

Run Build Command(s):/usr/bin/make cmTC_1a6e6/fast && /usr/bin/make -f CMakeFiles/cmTC_1a6e6.dir/build.make CMakeFiles/cmTC_1a6e6.dir/build
make[1]: Entering directory '/home/allen/cyber-ubuntu16.04-aarch64/build/CMakeFiles/CMakeTmp'
Building C object CMakeFiles/cmTC_1a6e6.dir/CheckIncludeFile.c.o
/usr/bin/aarch64-linux-gnu-gcc    -o CMakeFiles/cmTC_1a6e6.dir/CheckIncludeFile.c.o   -c /home/allen/cyber-ubuntu16.04-aarch64/build/CMakeFiles/CMakeTmp/CheckIncludeFile.c
Linking C executable cmTC_1a6e6
/home/allen/cmake-3.15.7-Linux-x86_64/bin/cmake -E cmake_link_script CMakeFiles/cmTC_1a6e6.dir/link.txt --verbose=1
/usr/bin/aarch64-linux-gnu-gcc      CMakeFiles/cmTC_1a6e6.dir/CheckIncludeFile.c.o  -o cmTC_1a6e6 
make[1]: Leaving directory '/home/allen/cyber-ubuntu16.04-aarch64/build/CMakeFiles/CMakeTmp'



Determining if the function pthread_create exists in the pthread passed with the following output:
Change Dir: /home/allen/cyber-ubuntu16.04-aarch64/build/CMakeFiles/CMakeTmp

Run Build Command(s):/usr/bin/make cmTC_6a326/fast && /usr/bin/make -f CMakeFiles/cmTC_6a326.dir/build.make CMakeFiles/cmTC_6a326.dir/build
make[1]: Entering directory '/home/allen/cyber-ubuntu16.04-aarch64/build/CMakeFiles/CMakeTmp'
Building C object CMakeFiles/cmTC_6a326.dir/CheckFunctionExists.c.o
/usr/bin/aarch64-linux-gnu-gcc   -DCHECK_FUNCTION_EXISTS=pthread_create   -o CMakeFiles/cmTC_6a326.dir/CheckFunctionExists.c.o   -c /home/allen/cmake-3.15.7-Linux-x86_64/share/cmake-3.15/Modules/CheckFunctionExists.c
Linking C executable cmTC_6a326
/home/allen/cmake-3.15.7-Linux-x86_64/bin/cmake -E cmake_link_script CMakeFiles/cmTC_6a326.dir/link.txt --verbose=1
/usr/bin/aarch64-linux-gnu-gcc  -DCHECK_FUNCTION_EXISTS=pthread_create    CMakeFiles/cmTC_6a326.dir/CheckFunctionExists.c.o  -o cmTC_6a326 -lpthread 
make[1]: Leaving directory '/home/allen/cyber-ubuntu16.04-aarch64/build/CMakeFiles/CMakeTmp'



