Determining if the pthread_create exist failed with the following output:
Change Dir: /home/allen/protobuf-3.5.1/cmake/build/CMakeFiles/CMakeTmp

Run Build Command:"/usr/bin/make" "cmTC_c5af0/fast"
/usr/bin/make -f CMakeFiles/cmTC_c5af0.dir/build.make CMakeFiles/cmTC_c5af0.dir/build
make[1]: Entering directory '/home/allen/protobuf-3.5.1/cmake/build/CMakeFiles/CMakeTmp'
Building C object CMakeFiles/cmTC_c5af0.dir/CheckSymbolExists.c.o
/usr/bin/cc     -o CMakeFiles/cmTC_c5af0.dir/CheckSymbolExists.c.o   -c /home/allen/protobuf-3.5.1/cmake/build/CMakeFiles/CMakeTmp/CheckSymbolExists.c
Linking C executable cmTC_c5af0
/usr/bin/cmake -E cmake_link_script CMakeFiles/cmTC_c5af0.dir/link.txt --verbose=1
/usr/bin/cc       CMakeFiles/cmTC_c5af0.dir/CheckSymbolExists.c.o  -o cmTC_c5af0 -rdynamic 
CMakeFiles/cmTC_c5af0.dir/CheckSymbolExists.c.o: In function `main':
CheckSymbolExists.c:(.text+0x16): undefined reference to `pthread_create'
collect2: error: ld returned 1 exit status
CMakeFiles/cmTC_c5af0.dir/build.make:97: recipe for target 'cmTC_c5af0' failed
make[1]: *** [cmTC_c5af0] Error 1
make[1]: Leaving directory '/home/allen/protobuf-3.5.1/cmake/build/CMakeFiles/CMakeTmp'
Makefile:126: recipe for target 'cmTC_c5af0/fast' failed
make: *** [cmTC_c5af0/fast] Error 2

File /home/allen/protobuf-3.5.1/cmake/build/CMakeFiles/CMakeTmp/CheckSymbolExists.c:
/* */
#include <pthread.h>

int main(int argc, char** argv)
{
  (void)argv;
#ifndef pthread_create
  return ((int*)(&pthread_create))[argc];
#else
  (void)argc;
  return 0;
#endif
}

Determining if the function pthread_create exists in the pthreads failed with the following output:
Change Dir: /home/allen/protobuf-3.5.1/cmake/build/CMakeFiles/CMakeTmp

Run Build Command:"/usr/bin/make" "cmTC_704f3/fast"
/usr/bin/make -f CMakeFiles/cmTC_704f3.dir/build.make CMakeFiles/cmTC_704f3.dir/build
make[1]: Entering directory '/home/allen/protobuf-3.5.1/cmake/build/CMakeFiles/CMakeTmp'
Building C object CMakeFiles/cmTC_704f3.dir/CheckFunctionExists.c.o
/usr/bin/cc    -DCHECK_FUNCTION_EXISTS=pthread_create   -o CMakeFiles/cmTC_704f3.dir/CheckFunctionExists.c.o   -c /usr/share/cmake-3.5/Modules/CheckFunctionExists.c
Linking C executable cmTC_704f3
/usr/bin/cmake -E cmake_link_script CMakeFiles/cmTC_704f3.dir/link.txt --verbose=1
/usr/bin/cc   -DCHECK_FUNCTION_EXISTS=pthread_create    CMakeFiles/cmTC_704f3.dir/CheckFunctionExists.c.o  -o cmTC_704f3 -rdynamic -lpthreads 
/usr/bin/ld: cannot find -lpthreads
collect2: error: ld returned 1 exit status
CMakeFiles/cmTC_704f3.dir/build.make:97: recipe for target 'cmTC_704f3' failed
make[1]: *** [cmTC_704f3] Error 1
make[1]: Leaving directory '/home/allen/protobuf-3.5.1/cmake/build/CMakeFiles/CMakeTmp'
Makefile:126: recipe for target 'cmTC_704f3/fast' failed
make: *** [cmTC_704f3/fast] Error 2


